<?xml version="1.0" encoding="UTF-8"?>
<testsuite name="TestSuite" time="0.0" tests="1" errors="0" skipped="0" failures="0">
    <testcase name="/course/get/all - &#1087;&#1086;&#1083;&#1091;&#1095;&#1077;&#1085;&#1080;&#1077; &#1089;&#1087;&#1080;&#1089;&#1082;&#1072; &#1074;&#1089;&#1077;&#1093; &#1082;&#1091;&#1088;&#1089;&#1086;&#1074;" classname="ru.nshpakov.store.inventory.GetCourseListTest" time="0.0"/>
</testsuite>